<?xml version="1.0" encoding="UTF-8" ?>
<testsuite tests="4" failures="0" name="com.asos.portal.RunnerCukesTest" time="0.012" errors="2" skipped="1">
  <properties>
[...]
</properties>
  <testcase classname="Scenario: I search for black belt item" name="Given I am on the home page of asos application" time="0.004"/>
  <testcase classname="Scenario: I search for black belt item" name="When I search for item such as black belt" time="0.002">
    <error message="Must provide a location for a move action." type="java.lang.IllegalArgumentException">java.lang.IllegalArgumentException: Must provide a location for a move action.
	at org.openqa.selenium.interactions.MoveMouseAction.&lt;init&gt;(MoveMouseAction.java:34)
	at org.openqa.selenium.interactions.Actions.moveToElement(Actions.java:257)
	at com.asos.portal.pages.HomePage.mouseHoverMen(HomePage.java:75)
	at com.asos.portal.steps.SearchItemSteps.i_search_for_item_such_as_black_belt(SearchItemSteps.java:32)
	at ✽.When I search for item such as black belt(asos.app.features/AE45004SearchItem.feature:10)
</error>
  </testcase>
  <testcase classname="Scenario: I search for black belt item" name="Scenario: I search for black belt item" time="0.003">
    <error message="Must provide a location for a move action." type="java.lang.IllegalArgumentException">java.lang.IllegalArgumentException: Must provide a location for a move action.
	at org.openqa.selenium.interactions.MoveMouseAction.&lt;init&gt;(MoveMouseAction.java:34)
	at org.openqa.selenium.interactions.Actions.moveToElement(Actions.java:257)
	at com.asos.portal.pages.HomePage.mouseHoverMen(HomePage.java:75)
	at com.asos.portal.steps.SearchItemSteps.i_search_for_item_such_as_black_belt(SearchItemSteps.java:32)
	at ✽.When I search for item such as black belt(asos.app.features/AE45004SearchItem.feature:10)
</error>
  </testcase>
  <testcase classname="Scenario: I search for black belt item" name="Then I should see four sytles of black belts" time="0.003">
    <skipped/>
  </testcase>
</testsuite>