<?xml version="1.0" encoding="UTF-8"?><testsuite failures="0" name="cucumber.runtime.formatter.JUnitFormatter" skipped="0" tests="5" time="54.658385">
<testcase classname="Testing Login requirement feature of magento application" name="Login test of magento as a customer" time="12.923812">
<system-out><![CDATA[Given I am on the login page................................................passed
When I login with "234dotus@gmail.com" & "password123"......................passed
Then I should check "Donald Jonathan".......................................passed
]]></system-out>
</testcase>
<testcase classname="Testing Login requirement feature of magento application" name="Login test of magento as a customer 2" time="13.268167">
<system-out><![CDATA[Given I am on the login page................................................passed
When I login with "234dotus@gmail.com" & "xxxxxxxxx"........................passed
Then I should check "Invalid login or password".............................passed
]]></system-out>
</testcase>
<testcase classname="Testing Login requirement feature of magento application" name="Login test of magento as a customer 3" time="8.776879">
<system-out><![CDATA[Given I am on the login page................................................passed
When I login with "xxxxxxxx@gmail.com" & "password123"......................passed
Then I should check "Invalid login or password".............................passed
]]></system-out>
</testcase>
<testcase classname="Testing Login requirement feature of magento application" name="Login test of magento as a customer 4" time="8.964194">
<system-out><![CDATA[Given I am on the login page................................................passed
When I login with "xxxxxxxx@gmail.com" & "xxxxxxxxx"........................passed
Then I should check "Invalid login or password".............................passed
]]></system-out>
</testcase>
<testcase classname="Customer searching for item on the magento application" name="Customer searching for phone" time="10.725333">
<system-out><![CDATA[Given I have logged on to the application...................................passed
When I search for "LG"......................................................passed
Then the price of TV would be "615".........................................passed
]]></system-out>
</testcase>
</testsuite>
