<?xml version="1.0" encoding="UTF-8"?>
<testsuite xmlns:xsi="http://www.w3.org/2001/XMLSchema-instance" xsi:schemaLocation="https://maven.apache.org/surefire/maven-surefire-plugin/xsd/surefire-test-report.xsd" name="Parallel01IT" time="1.345" tests="16" errors="4" skipped="12" failures="0">
  <properties>
[...]
</properties>
  <testcase name="| 234dotus@gmail.com | password123 | Donald Jonathan |" classname="| 234dotus@gmail.com | password123 | Donald Jonathan |" time="0.117">
    <error message="The driver executable does not exist: C:\Projects\java-16b-practice-repo\WebTest01\drivers-package\windows\phantomjs\phantomjs-2.1.1-windows\bin\phantomjs.exe" type="java.lang.IllegalStateException">java.lang.IllegalStateException: The driver executable does not exist: C:\Projects\java-16b-practice-repo\WebTest01\drivers-package\windows\phantomjs\phantomjs-2.1.1-windows\bin\phantomjs.exe
</error>
    <system-out><![CDATA[Run once at start time.........................
Database no needed
]]></system-out>
  </testcase>
  <testcase name="Given I am on the login page" classname="| 234dotus@gmail.com | password123 | Donald Jonathan |" time="0">
    <skipped/>
    <system-out><![CDATA[Configuring database system
This is work in progress starting up 1
This is work in progress starting up 2
]]></system-out>
  </testcase>
  <testcase name="When I login with &quot;234dotus@gmail.com&quot; &amp; &quot;password123&quot;" classname="| 234dotus@gmail.com | password123 | Donald Jonathan |" time="0">
    <skipped/>
  </testcase>
  <testcase name="Then I should check &quot;Donald Jonathan&quot;" classname="| 234dotus@gmail.com | password123 | Donald Jonathan |" time="0">
    <skipped/>
  </testcase>
  <testcase name="| 234dotus@gmail.com | xxxxxxxxx | Invalid login or password |" classname="| 234dotus@gmail.com | xxxxxxxxx | Invalid login or password |" time="0">
    <error message="The driver executable does not exist: C:\Projects\java-16b-practice-repo\WebTest01\drivers-package\windows\phantomjs\phantomjs-2.1.1-windows\bin\phantomjs.exe" type="java.lang.IllegalStateException">java.lang.IllegalStateException: The driver executable does not exist: C:\Projects\java-16b-practice-repo\WebTest01\drivers-package\windows\phantomjs\phantomjs-2.1.1-windows\bin\phantomjs.exe
</error>
    <system-out><![CDATA[This is work in progress cleaning up 2
This is work in progress cleaning up 1
closing database system
]]></system-out>
  </testcase>
  <testcase name="Given I am on the login page" classname="| 234dotus@gmail.com | xxxxxxxxx | Invalid login or password |" time="0">
    <skipped/>
    <system-out><![CDATA[Configuring database system
This is work in progress starting up 1
This is work in progress starting up 2
]]></system-out>
  </testcase>
  <testcase name="When I login with &quot;234dotus@gmail.com&quot; &amp; &quot;xxxxxxxxx&quot;" classname="| 234dotus@gmail.com | xxxxxxxxx | Invalid login or password |" time="0">
    <skipped/>
  </testcase>
  <testcase name="Then I should check &quot;Invalid login or password&quot;" classname="| 234dotus@gmail.com | xxxxxxxxx | Invalid login or password |" time="0">
    <skipped/>
  </testcase>
  <testcase name="| xxxxxxxx@gmail.com | password123 | Invalid login or password |" classname="| xxxxxxxx@gmail.com | password123 | Invalid login or password |" time="0">
    <error message="The driver executable does not exist: C:\Projects\java-16b-practice-repo\WebTest01\drivers-package\windows\phantomjs\phantomjs-2.1.1-windows\bin\phantomjs.exe" type="java.lang.IllegalStateException">java.lang.IllegalStateException: The driver executable does not exist: C:\Projects\java-16b-practice-repo\WebTest01\drivers-package\windows\phantomjs\phantomjs-2.1.1-windows\bin\phantomjs.exe
</error>
    <system-out><![CDATA[This is work in progress cleaning up 2
This is work in progress cleaning up 1
closing database system
]]></system-out>
  </testcase>
  <testcase name="Given I am on the login page" classname="| xxxxxxxx@gmail.com | password123 | Invalid login or password |" time="0">
    <skipped/>
    <system-out><![CDATA[Configuring database system
This is work in progress starting up 1
This is work in progress starting up 2
]]></system-out>
  </testcase>
  <testcase name="When I login with &quot;xxxxxxxx@gmail.com&quot; &amp; &quot;password123&quot;" classname="| xxxxxxxx@gmail.com | password123 | Invalid login or password |" time="0">
    <skipped/>
  </testcase>
  <testcase name="Then I should check &quot;Invalid login or password&quot;" classname="| xxxxxxxx@gmail.com | password123 | Invalid login or password |" time="0">
    <skipped/>
  </testcase>
  <testcase name="| xxxxxxxx@gmail.com | xxxxxxxxx | Invalid login or password |" classname="| xxxxxxxx@gmail.com | xxxxxxxxx | Invalid login or password |" time="0">
    <error message="The driver executable does not exist: C:\Projects\java-16b-practice-repo\WebTest01\drivers-package\windows\phantomjs\phantomjs-2.1.1-windows\bin\phantomjs.exe" type="java.lang.IllegalStateException">java.lang.IllegalStateException: The driver executable does not exist: C:\Projects\java-16b-practice-repo\WebTest01\drivers-package\windows\phantomjs\phantomjs-2.1.1-windows\bin\phantomjs.exe
</error>
    <system-out><![CDATA[This is work in progress cleaning up 2
This is work in progress cleaning up 1
closing database system
]]></system-out>
  </testcase>
  <testcase name="Given I am on the login page" classname="| xxxxxxxx@gmail.com | xxxxxxxxx | Invalid login or password |" time="0">
    <skipped/>
    <system-out><![CDATA[Configuring database system
This is work in progress starting up 1
This is work in progress starting up 2
]]></system-out>
  </testcase>
  <testcase name="When I login with &quot;xxxxxxxx@gmail.com&quot; &amp; &quot;xxxxxxxxx&quot;" classname="| xxxxxxxx@gmail.com | xxxxxxxxx | Invalid login or password |" time="0">
    <skipped/>
  </testcase>
  <testcase name="Then I should check &quot;Invalid login or password&quot;" classname="| xxxxxxxx@gmail.com | xxxxxxxxx | Invalid login or password |" time="0">
    <skipped/>
  </testcase>
</testsuite>